<?xml version="1.0" encoding="utf-8"?><testsuites name="pytest tests"><testsuite name="pytest" errors="0" failures="0" skipped="0" tests="17" time="3.179" timestamp="2026-05-04T09:27:18.249672+00:00" hostname="agent-env-08a62fd3-7c75-4044-97c4-c5158688b03c"><testcase classname="backend.tests.test_crm_and_connections.TestLeadPatch" name="test_patch_status" time="0.718" /><testcase classname="backend.tests.test_crm_and_connections.TestLeadPatch" name="test_patch_invalid_status" time="0.095" /><testcase classname="backend.tests.test_crm_and_connections.TestLeadPatch" name="test_patch_follow_up_set_and_clear" time="0.195" /><testcase classname="backend.tests.test_crm_and_connections.TestLeadPatch" name="test_patch_tags" time="0.144" /><testcase classname="backend.tests.test_crm_and_connections.TestLeadPatch" name="test_patch_combined" time="0.102" /><testcase classname="backend.tests.test_crm_and_connections.TestLeadPatch" name="test_patch_404" time="0.048" /><testcase classname="backend.tests.test_crm_and_connections.TestLeadPatch" name="test_patch_requires_auth" time="0.161" /><testcase classname="backend.tests.test_crm_and_connections.TestLeadComments" name="test_add_comment_then_delete" time="0.249" /><testcase classname="backend.tests.test_crm_and_connections.TestLeadComments" name="test_add_comment_empty_rejected" time="0.094" /><testcase classname="backend.tests.test_crm_and_connections.TestLeadComments" name="test_add_comment_lead_404" time="0.047" /><testcase classname="backend.tests.test_crm_and_connections.TestLeadComments" name="test_comment_requires_auth" time="0.192" /><testcase classname="backend.tests.test_crm_and_connections.TestSocialCredentials" name="test_credentials_requires_auth" time="0.140" /><testcase classname="backend.tests.test_crm_and_connections.TestSocialCredentials" name="test_get_credentials_initial_shape" time="0.229" /><testcase classname="backend.tests.test_crm_and_connections.TestSocialCredentials" name="test_put_missing_field_rejected" time="0.047" /><testcase classname="backend.tests.test_crm_and_connections.TestSocialCredentials" name="test_put_unknown_platform" time="0.048" /><testcase classname="backend.tests.test_crm_and_connections.TestSocialCredentials" name="test_put_full_then_get_then_config_then_delete" time="0.295" /><testcase classname="backend.tests.test_crm_and_connections.TestSocialCredentials" name="test_put_other_platforms_basic" time="0.282" /></testsuite></testsuites>