<?xml version="1.0" encoding="utf-8"?><testsuites name="pytest tests"><testsuite name="pytest" errors="0" failures="0" skipped="0" tests="18" time="30.243" timestamp="2026-05-04T08:54:49.855012+00:00" hostname="agent-env-08a62fd3-7c75-4044-97c4-c5158688b03c"><testcase classname="backend.tests.test_auth_and_social.TestAuth" name="test_login_success" time="0.402" /><testcase classname="backend.tests.test_auth_and_social.TestAuth" name="test_login_wrong_password" time="0.044" /><testcase classname="backend.tests.test_auth_and_social.TestAuth" name="test_me_without_cookie" time="0.136" /><testcase classname="backend.tests.test_auth_and_social.TestAuth" name="test_me_with_cookie" time="0.412" /><testcase classname="backend.tests.test_auth_and_social.TestAuth" name="test_brute_force_lockout" time="0.415" /><testcase classname="backend.tests.test_auth_and_social.TestAuth" name="test_logout_clears_cookies" time="0.420" /><testcase classname="backend.tests.test_auth_and_social.TestLeadsAuth" name="test_list_leads_requires_auth" time="0.104" /><testcase classname="backend.tests.test_auth_and_social.TestLeadsAuth" name="test_list_leads_with_admin" time="0.051" /><testcase classname="backend.tests.test_auth_and_social.TestLeadsAuth" name="test_create_lead_public" time="0.049" /><testcase classname="backend.tests.test_auth_and_social.TestSocialConfig" name="test_config_requires_auth" time="0.140" /><testcase classname="backend.tests.test_auth_and_social.TestSocialConfig" name="test_config_admin" time="0.048" /><testcase classname="backend.tests.test_auth_and_social.TestSocialDrafts" name="test_generate_draft" time="27.320" /><testcase classname="backend.tests.test_auth_and_social.TestSocialDrafts" name="test_image_served" time="0.241" /><testcase classname="backend.tests.test_auth_and_social.TestSocialDrafts" name="test_list_drafts" time="0.046" /><testcase classname="backend.tests.test_auth_and_social.TestSocialDrafts" name="test_patch_draft" time="0.046" /><testcase classname="backend.tests.test_auth_and_social.TestSocialDrafts" name="test_publish_now_mocked" time="0.092" /><testcase classname="backend.tests.test_auth_and_social.TestSocialDrafts" name="test_schedule_draft" time="0.092" /><testcase classname="backend.tests.test_auth_and_social.TestSocialDrafts" name="test_reject_draft" time="0.091" /></testsuite></testsuites>