<?xml version="1.0" encoding="utf-8"?><testsuites name="pytest tests"><testsuite name="pytest" errors="0" failures="0" skipped="0" tests="10" time="0.999" timestamp="2026-05-03T09:29:26.896688+00:00" hostname="agent-env-08a62fd3-7c75-4044-97c4-c5158688b03c"><testcase classname="backend.tests.test_leads_api.TestHealth" name="test_root" time="0.225" /><testcase classname="backend.tests.test_leads_api.TestCreateLead" name="test_create_valid_lead" time="0.121" /><testcase classname="backend.tests.test_leads_api.TestCreateLead" name="test_reject_invalid_email" time="0.050" /><testcase classname="backend.tests.test_leads_api.TestCreateLead" name="test_reject_missing_required" time="0.047" /><testcase classname="backend.tests.test_leads_api.TestCreateLead" name="test_reject_empty_name" time="0.046" /><testcase classname="backend.tests.test_leads_api.TestCreateLead" name="test_create_lead_with_source" time="0.096" /><testcase classname="backend.tests.test_leads_api.TestCreateLead" name="test_create_lead_default_source" time="0.094" /><testcase classname="backend.tests.test_leads_api.TestCreateLead" name="test_optional_message_empty" time="0.048" /><testcase classname="backend.tests.test_leads_api.TestListLeads" name="test_list_returns_array" time="0.047" /><testcase classname="backend.tests.test_leads_api.TestListLeads" name="test_list_no_mongo_id_and_sorted_desc" time="0.143" /></testsuite></testsuites>