<?xml version="1.0" encoding="utf-8"?><testsuites name="pytest tests"><testsuite name="pytest" errors="0" failures="0" skipped="0" tests="8" time="1.044" timestamp="2026-04-30T16:26:19.767652+00:00" hostname="agent-env-08a62fd3-7c75-4044-97c4-c5158688b03c"><testcase classname="backend.tests.test_leads_api.TestHealth" name="test_root" time="0.264" /><testcase classname="backend.tests.test_leads_api.TestCreateLead" name="test_create_valid_lead" time="0.111" /><testcase classname="backend.tests.test_leads_api.TestCreateLead" name="test_reject_invalid_email" time="0.062" /><testcase classname="backend.tests.test_leads_api.TestCreateLead" name="test_reject_missing_required" time="0.053" /><testcase classname="backend.tests.test_leads_api.TestCreateLead" name="test_reject_empty_name" time="0.056" /><testcase classname="backend.tests.test_leads_api.TestCreateLead" name="test_optional_message_empty" time="0.067" /><testcase classname="backend.tests.test_leads_api.TestListLeads" name="test_list_returns_array" time="0.098" /><testcase classname="backend.tests.test_leads_api.TestListLeads" name="test_list_no_mongo_id_and_sorted_desc" time="0.165" /></testsuite></testsuites>